<?xml version="1.0" encoding="UTF-8"?>
<testng-results ignored="0" total="3" passed="3" failed="0" skipped="0">
  <reporter-output>
  </reporter-output>
  <suite started-at="2025-01-18T09:35:33Z" name="Default suite" finished-at="2025-01-18T09:35:34Z" duration-ms="533">
    <groups>
    </groups>
    <test started-at="2025-01-18T09:35:33Z" name="Default test" finished-at="2025-01-18T09:35:34Z" duration-ms="533">
      <class name="com.pom.tests.LoginTest">
        <test-method is-config="true" signature="setup()[pri:0, instance:com.pom.tests.LoginTest@6f44a157]" started-at="2025-01-18T09:35:32Z" name="setup" finished-at="2025-01-18T09:35:33Z" duration-ms="1553" status="PASS">
          <reporter-output>
          </reporter-output>
        </test-method> <!-- setup -->
        <test-method signature="test01()[pri:0, instance:com.pom.tests.LoginTest@6f44a157]" started-at="2025-01-18T09:35:34Z" name="test01" finished-at="2025-01-18T09:35:34Z" duration-ms="461" status="PASS">
          <reporter-output>
          </reporter-output>
        </test-method> <!-- test01 -->
        <test-method signature="test02()[pri:0, instance:com.pom.tests.LoginTest@6f44a157]" started-at="2025-01-18T09:35:34Z" name="test02" finished-at="2025-01-18T09:35:34Z" duration-ms="14" status="PASS">
          <reporter-output>
          </reporter-output>
        </test-method> <!-- test02 -->
        <test-method signature="test03()[pri:0, instance:com.pom.tests.LoginTest@6f44a157]" started-at="2025-01-18T09:35:34Z" name="test03" finished-at="2025-01-18T09:35:34Z" duration-ms="48" status="PASS">
          <reporter-output>
          </reporter-output>
        </test-method> <!-- test03 -->
      </class> <!-- com.pom.tests.LoginTest -->
    </test> <!-- Default test -->
  </suite> <!-- Default suite -->
</testng-results>
